<?xml version="1.0" encoding="UTF-8"?>
<!-- Generated by org.testng.reporters.JUnitReportReporter -->
<testsuite skipped="0" hostname="Krishnas-MBP" name="Test.Login" tests="4" failures="0" timestamp="2020-10-14T21:12:45 EDT" time="38.818" errors="0">
  <testcase name="nagetivelogin" time="10.766" classname="Test.Login"/>
  <system-out/>
  <testcase name="naukri" time="5.381" classname="Test.Login"/>
  <system-out/>
  <testcase name="MagentoRegister" time="7.425" classname="Test.Login"/>
  <system-out/>
  <testcase name="mouseaction" time="15.246" classname="Test.Login"/>
  <system-out/>
</testsuite> <!-- Test.Login -->
